<?xml version="1.0" encoding="UTF-8"?>
<!-- Generated by org.testng.reporters.JUnitReportReporter -->
<testsuite hostname="IN-5CG1042LMR" failures="0" tests="4" name="Mccm.Pega.OSF.PegaTest.Processfeebback_ErrorcasesTest" time="2.127" errors="0" timestamp="2021-07-30T13:59:21 IST" skipped="0">
  <testcase classname="Mccm.Pega.OSF.PegaTest.Processfeebback_ErrorcasesTest" name="OSFProcesFeedback_APIcall_ErroCase" time="0.505"/>
  <system-out/>
  <testcase classname="Mccm.Pega.OSF.PegaTest.Processfeebback_ErrorcasesTest" name="OSFProcesFeedback_APIcall_ErroCase" time="0.539"/>
  <system-out/>
  <testcase classname="Mccm.Pega.OSF.PegaTest.Processfeebback_ErrorcasesTest" name="OSFProcesFeedback_APIcall_ErroCase" time="0.564"/>
  <system-out/>
  <testcase classname="Mccm.Pega.OSF.PegaTest.Processfeebback_ErrorcasesTest" name="OSFProcesFeedback_APIcall_ErroCase" time="0.519"/>
  <system-out/>
</testsuite> <!-- Mccm.Pega.OSF.PegaTest.Processfeebback_ErrorcasesTest -->
