<?xml version="1.0" encoding="UTF-8"?>
<!-- Generated by org.testng.reporters.JUnitReportReporter -->
<testsuite hostname="IN-PF2HW06P" failures="0" tests="1" name="Mccm.Pega.OSF.PegaTest.OSFAPICallProFdUpdOrdIDTest" time="1.311" errors="0" timestamp="2021-07-14T11:53:14 IST" skipped="0">
  <testcase classname="Mccm.Pega.OSF.PegaTest.OSFAPICallProFdUpdOrdIDTest" name="VerifyOSFProcessFeedBackUpdateOrderIDAPIcallSuccessfully" time="1.311"/>
  <system-out/>
</testsuite> <!-- Mccm.Pega.OSF.PegaTest.OSFAPICallProFdUpdOrdIDTest -->
