<?xml version="1.0" encoding="UTF-8"?>
<!-- Generated by org.testng.reporters.JUnitReportReporter -->
<testsuite hostname="IN-5CG1042LMR" failures="0" tests="4" name="Mccm.Pega.OSF.PegaTest.OSFAPICaptureResonse_ErrorCasesTest" time="4.560" errors="0" timestamp="2021-07-22T13:09:48 IST" skipped="0">
  <testcase classname="Mccm.Pega.OSF.PegaTest.OSFAPICaptureResonse_ErrorCasesTest" name="VerifyOSFCaptureResponseOutcomeAPIcallSuccessfully" time="0.539"/>
  <system-out/>
  <testcase classname="Mccm.Pega.OSF.PegaTest.OSFAPICaptureResonse_ErrorCasesTest" name="VerifyOSFCaptureResponseOutcomeAPIcallSuccessfully" time="3.039"/>
  <system-out/>
  <testcase classname="Mccm.Pega.OSF.PegaTest.OSFAPICaptureResonse_ErrorCasesTest" name="VerifyOSFCaptureResponseOutcomeAPIcallSuccessfully" time="0.492"/>
  <system-out/>
  <testcase classname="Mccm.Pega.OSF.PegaTest.OSFAPICaptureResonse_ErrorCasesTest" name="VerifyOSFCaptureResponseOutcomeAPIcallSuccessfully" time="0.490"/>
  <system-out/>
</testsuite> <!-- Mccm.Pega.OSF.PegaTest.OSFAPICaptureResonse_ErrorCasesTest -->
