<?xml version="1.0" encoding="UTF-8"?>
<!-- Generated by org.testng.reporters.JUnitReportReporter -->
<testsuite hostname="IN-5CG1042LMR" failures="0" tests="1" name="Mccm.Pega.OSF.PegaTest.PegaOSFValidationTest" time="152.442" errors="0" timestamp="2021-07-26T14:57:18 IST" skipped="0">
  <testcase classname="Mccm.Pega.OSF.PegaTest.PegaOSFValidationTest" name="OSFAPICallsValidation" time="152.442"/>
  <system-out/>
</testsuite> <!-- Mccm.Pega.OSF.PegaTest.PegaOSFValidationTest -->
