<?xml version="1.0" encoding="UTF-8"?>
<!-- Generated by org.testng.reporters.JUnitReportReporter -->
<testsuite hostname="IN-PF2HW06P" failures="0" tests="1" name="Mccm.Pega.OSF.PegaTest.PegaOSFOutcomeGETNBAAPIVldTest" time="118.243" errors="0" timestamp="2021-07-09T15:17:35 IST" skipped="0">
  <testcase classname="Mccm.Pega.OSF.PegaTest.PegaOSFOutcomeGETNBAAPIVldTest" name="VerifyOSFGETNBAAPIValidationRunSuccessfully" time="118.243"/>
  <system-out/>
</testsuite> <!-- Mccm.Pega.OSF.PegaTest.PegaOSFOutcomeGETNBAAPIVldTest -->
