<?xml version="1.0" encoding="UTF-8"?>
<!-- Generated by org.testng.reporters.JUnitReportReporter -->
<testsuite hostname="IN-5CG1042LMR" failures="0" tests="4" name="Mccm.Pega.OSF.PegaTest.CaptureResonse_ErrorCasesTest" time="4.389" errors="0" timestamp="2021-07-26T14:57:18 IST" skipped="0">
  <testcase classname="Mccm.Pega.OSF.PegaTest.CaptureResonse_ErrorCasesTest" name="OSFCaptureResponse_APIcall_ErrorCase" time="1.011"/>
  <system-out/>
  <testcase classname="Mccm.Pega.OSF.PegaTest.CaptureResonse_ErrorCasesTest" name="OSFCaptureResponse_APIcall_ErrorCase" time="0.768"/>
  <system-out/>
  <testcase classname="Mccm.Pega.OSF.PegaTest.CaptureResonse_ErrorCasesTest" name="OSFCaptureResponse_APIcall_ErrorCase" time="1.863"/>
  <system-out/>
  <testcase classname="Mccm.Pega.OSF.PegaTest.CaptureResonse_ErrorCasesTest" name="OSFCaptureResponse_APIcall_ErrorCase" time="0.747"/>
  <system-out/>
</testsuite> <!-- Mccm.Pega.OSF.PegaTest.CaptureResonse_ErrorCasesTest -->
