<?xml version="1.0" encoding="UTF-8"?>
<!-- Generated by org.testng.reporters.JUnitReportReporter -->
<testsuite hostname="IN-5CG1042LMR" failures="0" tests="4" name="Mccm.Pega.OSF.PegaTest.CaptureResonse_ErrorCasesTest" time="4.218" errors="0" timestamp="2021-07-26T19:31:45 IST" skipped="0">
  <testcase classname="Mccm.Pega.OSF.PegaTest.CaptureResonse_ErrorCasesTest" name="OSFCaptureResponse_APIcall_ErrorCase" time="0.594"/>
  <system-out/>
  <testcase classname="Mccm.Pega.OSF.PegaTest.CaptureResonse_ErrorCasesTest" name="OSFCaptureResponse_APIcall_ErrorCase" time="2.126"/>
  <system-out/>
  <testcase classname="Mccm.Pega.OSF.PegaTest.CaptureResonse_ErrorCasesTest" name="OSFCaptureResponse_APIcall_ErrorCase" time="0.850"/>
  <system-out/>
  <testcase classname="Mccm.Pega.OSF.PegaTest.CaptureResonse_ErrorCasesTest" name="OSFCaptureResponse_APIcall_ErrorCase" time="0.648"/>
  <system-out/>
</testsuite> <!-- Mccm.Pega.OSF.PegaTest.CaptureResonse_ErrorCasesTest -->
