<?xml version="1.0" encoding="UTF-8"?>
<!-- Generated by org.testng.reporters.JUnitReportReporter -->
<testsuite hostname="IN-5CG1042LMR" failures="0" tests="4" name="Mccm.Pega.OSF.PegaTest.Processfeebback_ErrorcasesTest" time="2.190" errors="0" timestamp="2021-07-26T19:31:45 IST" skipped="0">
  <testcase classname="Mccm.Pega.OSF.PegaTest.Processfeebback_ErrorcasesTest" name="OSFProcesFeedback_APIcall_ErroCase" time="0.644"/>
  <system-out/>
  <testcase classname="Mccm.Pega.OSF.PegaTest.Processfeebback_ErrorcasesTest" name="OSFProcesFeedback_APIcall_ErroCase" time="0.513"/>
  <system-out/>
  <testcase classname="Mccm.Pega.OSF.PegaTest.Processfeebback_ErrorcasesTest" name="OSFProcesFeedback_APIcall_ErroCase" time="0.516"/>
  <system-out/>
  <testcase classname="Mccm.Pega.OSF.PegaTest.Processfeebback_ErrorcasesTest" name="OSFProcesFeedback_APIcall_ErroCase" time="0.517"/>
  <system-out/>
</testsuite> <!-- Mccm.Pega.OSF.PegaTest.Processfeebback_ErrorcasesTest -->
