<?xml version="1.0" encoding="UTF-8"?>
<!-- Generated by org.testng.reporters.JUnitReportReporter -->
<testsuite hostname="IN-5CG1042LMR" failures="0" tests="4" name="Mccm.Pega.OSF.PegaTest.Processfeebback_ErrorcasesTest" time="3.750" errors="0" timestamp="2021-07-26T14:57:18 IST" skipped="0">
  <testcase classname="Mccm.Pega.OSF.PegaTest.Processfeebback_ErrorcasesTest" name="OSFProcesFeedback_APIcall_ErroCase" time="0.755"/>
  <system-out/>
  <testcase classname="Mccm.Pega.OSF.PegaTest.Processfeebback_ErrorcasesTest" name="OSFProcesFeedback_APIcall_ErroCase" time="1.458"/>
  <system-out/>
  <testcase classname="Mccm.Pega.OSF.PegaTest.Processfeebback_ErrorcasesTest" name="OSFProcesFeedback_APIcall_ErroCase" time="0.759"/>
  <system-out/>
  <testcase classname="Mccm.Pega.OSF.PegaTest.Processfeebback_ErrorcasesTest" name="OSFProcesFeedback_APIcall_ErroCase" time="0.778"/>
  <system-out/>
</testsuite> <!-- Mccm.Pega.OSF.PegaTest.Processfeebback_ErrorcasesTest -->
