<?xml version="1.0" encoding="UTF-8"?>
<!-- Generated by org.testng.reporters.JUnitReportReporter -->
<testsuite hostname="IN-5CG1042LMR" failures="0" tests="4" name="Mccm.Pega.OSF.PegaTest.OSFAPI_CaptureResonse_ErrorCasesTest" time="3.904" errors="0" timestamp="2021-07-16T16:06:51 IST" skipped="0">
  <testcase classname="Mccm.Pega.OSF.PegaTest.OSFAPI_CaptureResonse_ErrorCasesTest" name="VerifyOSFCaptureResponseOutcomeAPIcallSuccessfully" time="0.505"/>
  <system-out/>
  <testcase classname="Mccm.Pega.OSF.PegaTest.OSFAPI_CaptureResonse_ErrorCasesTest" name="VerifyOSFCaptureResponseOutcomeAPIcallSuccessfully" time="0.551"/>
  <system-out/>
  <testcase classname="Mccm.Pega.OSF.PegaTest.OSFAPI_CaptureResonse_ErrorCasesTest" name="VerifyOSFCaptureResponseOutcomeAPIcallSuccessfully" time="0.520"/>
  <system-out/>
  <testcase classname="Mccm.Pega.OSF.PegaTest.OSFAPI_CaptureResonse_ErrorCasesTest" name="VerifyOSFCaptureResponseOutcomeAPIcallSuccessfully" time="2.328"/>
  <system-out/>
</testsuite> <!-- Mccm.Pega.OSF.PegaTest.OSFAPI_CaptureResonse_ErrorCasesTest -->
