<?xml version="1.0" encoding="UTF-8"?>
<!-- Generated by org.testng.reporters.JUnitReportReporter -->
<testsuite hostname="IN-PF2HW06P" failures="0" tests="1" name="Mccm.Pega.OSF.PegaTest.OSFAPICallGetNBATest" time="1.340" errors="0" timestamp="2021-07-14T11:29:45 IST" skipped="0">
  <testcase classname="Mccm.Pega.OSF.PegaTest.OSFAPICallGetNBATest" name="VerifyOSFGetNBARestAPIcallSuccessfully" time="1.340"/>
  <system-out/>
</testsuite> <!-- Mccm.Pega.OSF.PegaTest.OSFAPICallGetNBATest -->
