<?xml version="1.0" encoding="UTF-8"?>
<!-- Generated by org.testng.reporters.JUnitReportReporter -->
<testsuite hostname="IN-5CG1042LMR" failures="0" tests="2" name="Mccm.Pega.OSF.PegaTest.captureresponse" time="4.141" errors="0" timestamp="2021-07-22T11:18:36 IST" skipped="0">
  <testcase classname="Mccm.Pega.OSF.PegaTest.captureresponse" name="VerifyOSFCaptureResponseOutcomeAPIcallSuccessfully" time="3.571"/>
  <system-out/>
  <testcase classname="Mccm.Pega.OSF.PegaTest.captureresponse" name="VerifyOSFCaptureResponseOutcomeAPIcallSuccessfully" time="0.570"/>
  <system-out/>
</testsuite> <!-- Mccm.Pega.OSF.PegaTest.captureresponse -->
