<?xml version="1.0" encoding="UTF-8"?>
<!-- Generated by org.testng.reporters.JUnitReportReporter -->
<testsuite hostname="IN-5CG1042LMR" failures="0" tests="4" name="Mccm.Pega.OSF.PegaTest.OSFAPI_ProcessFeedback_ErrorCasesTest" time="8.976" errors="0" timestamp="2021-07-16T12:06:39 IST" skipped="0">
  <testcase classname="Mccm.Pega.OSF.PegaTest.OSFAPI_ProcessFeedback_ErrorCasesTest" name="VerifyOSFprocessfeedbackOutcomeAPIcallSuccessfully" time="0.542"/>
  <system-out/>
  <testcase classname="Mccm.Pega.OSF.PegaTest.OSFAPI_ProcessFeedback_ErrorCasesTest" name="VerifyOSFprocessfeedbackOutcomeAPIcallSuccessfully" time="0.531"/>
  <system-out/>
  <testcase classname="Mccm.Pega.OSF.PegaTest.OSFAPI_ProcessFeedback_ErrorCasesTest" name="VerifyOSFprocessfeedbackOutcomeAPIcallSuccessfully" time="0.539"/>
  <system-out/>
  <testcase classname="Mccm.Pega.OSF.PegaTest.OSFAPI_ProcessFeedback_ErrorCasesTest" name="VerifyOSFprocessfeedbackOutcomeAPIcallSuccessfully" time="7.364"/>
  <system-out/>
</testsuite> <!-- Mccm.Pega.OSF.PegaTest.OSFAPI_ProcessFeedback_ErrorCasesTest -->
