<?xml version="1.0" encoding="UTF-8"?>
<!-- Generated by org.testng.reporters.JUnitReportReporter -->
<testsuite hostname="IN-5CG1042LMR" failures="0" tests="5" name="Mccm.Pega.OSF.PegaTest.OSFAPI_GetNBA_ErrorCasesTest" time="4.687" errors="0" timestamp="2021-07-16T12:03:59 IST" skipped="0">
  <testcase classname="Mccm.Pega.OSF.PegaTest.OSFAPI_GetNBA_ErrorCasesTest" name="VerifyOSFGetNBAOutcomeAPIcallSuccessfully" time="0.519"/>
  <system-out/>
  <testcase classname="Mccm.Pega.OSF.PegaTest.OSFAPI_GetNBA_ErrorCasesTest" name="VerifyOSFGetNBAOutcomeAPIcallSuccessfully" time="0.569"/>
  <system-out/>
  <testcase classname="Mccm.Pega.OSF.PegaTest.OSFAPI_GetNBA_ErrorCasesTest" name="VerifyOSFGetNBAOutcomeAPIcallSuccessfully" time="0.499"/>
  <system-out/>
  <testcase classname="Mccm.Pega.OSF.PegaTest.OSFAPI_GetNBA_ErrorCasesTest" name="VerifyOSFGetNBAOutcomeAPIcallSuccessfully" time="2.576"/>
  <system-out/>
  <testcase classname="Mccm.Pega.OSF.PegaTest.OSFAPI_GetNBA_ErrorCasesTest" name="VerifyOSFGetNBAOutcomeAPIcallSuccessfully" time="0.524"/>
  <system-out/>
</testsuite> <!-- Mccm.Pega.OSF.PegaTest.OSFAPI_GetNBA_ErrorCasesTest -->
