<?xml version="1.0" encoding="UTF-8"?>
<!-- Generated by org.testng.reporters.JUnitReportReporter -->
<testsuite hostname="IN-5CG1042LMR" failures="0" tests="1" name="Mccm.Pega.OSF.PegaTest.PegaOSFValidationTest" time="150.380" errors="0" timestamp="2021-07-30T13:59:21 IST" skipped="0">
  <testcase classname="Mccm.Pega.OSF.PegaTest.PegaOSFValidationTest" name="OSFAPICallsValidation" time="150.380"/>
  <system-out/>
</testsuite> <!-- Mccm.Pega.OSF.PegaTest.PegaOSFValidationTest -->
