<?xml version="1.0" encoding="UTF-8"?>
<!-- Generated by org.testng.reporters.JUnitReportReporter -->
<testsuite hostname="IN-5CG1042LMR" failures="0" tests="6" name="Mccm.Pega.OSF.PegaTest.ProcessFeebbackTest" time="4.982" errors="0" timestamp="2021-07-26T14:57:18 IST" skipped="0">
  <testcase classname="Mccm.Pega.OSF.PegaTest.ProcessFeebbackTest" name="OSFProcesFeedback_APIcall" time="0.837"/>
  <system-out/>
  <testcase classname="Mccm.Pega.OSF.PegaTest.ProcessFeebbackTest" name="OSFProcesFeedback_APIcall" time="0.803"/>
  <system-out/>
  <testcase classname="Mccm.Pega.OSF.PegaTest.ProcessFeebbackTest" name="OSFProcesFeedback_APIcall" time="0.801"/>
  <system-out/>
  <testcase classname="Mccm.Pega.OSF.PegaTest.ProcessFeebbackTest" name="OSFProcesFeedback_APIcall" time="0.940"/>
  <system-out/>
  <testcase classname="Mccm.Pega.OSF.PegaTest.ProcessFeebbackTest" name="OSFProcesFeedback_APIcall" time="0.822"/>
  <system-out/>
  <testcase classname="Mccm.Pega.OSF.PegaTest.ProcessFeebbackTest" name="OSFProcesFeedback_APIcall" time="0.779"/>
  <system-out/>
</testsuite> <!-- Mccm.Pega.OSF.PegaTest.ProcessFeebbackTest -->
