<?xml version="1.0" encoding="UTF-8"?>
<!-- Generated by org.testng.reporters.JUnitReportReporter -->
<testsuite hostname="IN-5CG1042LMR" failures="0" tests="1" name="Mccm.Pega.OSF.PegaTest.PegaOSF_DMCCM_SettingTest" time="653.743" errors="0" timestamp="2021-07-26T19:31:45 IST" skipped="0">
  <testcase classname="Mccm.Pega.OSF.PegaTest.PegaOSF_DMCCM_SettingTest" name="OSFDynamicSystemSettingsCheck" time="653.743"/>
  <system-out/>
</testsuite> <!-- Mccm.Pega.OSF.PegaTest.PegaOSF_DMCCM_SettingTest -->
