<?xml version="1.0" encoding="UTF-8"?>
<!-- Generated by org.testng.reporters.JUnitReportReporter -->
<testsuite hostname="IN-5CG1042LMR" failures="0" tests="4" name="Mccm.Pega.OSF.PegaTest.OSFAPI_CaptureResonseErrorCasesTest" time="3.972" errors="0" timestamp="2021-07-15T22:26:54 IST" skipped="0">
  <testcase classname="Mccm.Pega.OSF.PegaTest.OSFAPI_CaptureResonseErrorCasesTest" name="VerifyOSFCaptureResponseOutcomeAPIcallSuccessfully" time="0.499"/>
  <system-out/>
  <testcase classname="Mccm.Pega.OSF.PegaTest.OSFAPI_CaptureResonseErrorCasesTest" name="VerifyOSFCaptureResponseOutcomeAPIcallSuccessfully" time="0.500"/>
  <system-out/>
  <testcase classname="Mccm.Pega.OSF.PegaTest.OSFAPI_CaptureResonseErrorCasesTest" name="VerifyOSFCaptureResponseOutcomeAPIcallSuccessfully" time="0.524"/>
  <system-out/>
  <testcase classname="Mccm.Pega.OSF.PegaTest.OSFAPI_CaptureResonseErrorCasesTest" name="VerifyOSFCaptureResponseOutcomeAPIcallSuccessfully" time="2.449"/>
  <system-out/>
</testsuite> <!-- Mccm.Pega.OSF.PegaTest.OSFAPI_CaptureResonseErrorCasesTest -->
