<?xml version="1.0" encoding="UTF-8"?>
<!-- Generated by org.testng.reporters.JUnitReportReporter -->
<testsuite hostname="IN-5CG1042LMR" failures="0" tests="2" name="Mccm.Pega.OSF.PegaTest.JsonReader" time="3.365" errors="0" timestamp="2021-07-16T12:09:48 IST" skipped="0">
  <testcase classname="Mccm.Pega.OSF.PegaTest.JsonReader" name="VerifyOSFCaptureResponseOutcomeAPIcallSuccessfully" time="2.718"/>
  <system-out/>
  <testcase classname="Mccm.Pega.OSF.PegaTest.JsonReader" name="VerifyOSFCaptureResponseOutcomeAPIcallSuccessfully" time="0.647"/>
  <system-out/>
</testsuite> <!-- Mccm.Pega.OSF.PegaTest.JsonReader -->
