<?xml version="1.0" encoding="UTF-8"?>
<!-- Generated by org.testng.reporters.JUnitReportReporter -->
<testsuite hostname="IN-5CG1042LMR" failures="0" tests="2" name="Mccm.Pega.OSF.PegaTest.GetNBA" time="3.353" errors="0" timestamp="2021-07-22T12:36:53 IST" skipped="0">
  <testcase classname="Mccm.Pega.OSF.PegaTest.GetNBA" name="VerifyOSFgetNBAOutcomeAPIcallSuccessfully" time="2.771"/>
  <system-out/>
  <testcase classname="Mccm.Pega.OSF.PegaTest.GetNBA" name="VerifyOSFgetNBAOutcomeAPIcallSuccessfully" time="0.582"/>
  <system-out/>
</testsuite> <!-- Mccm.Pega.OSF.PegaTest.GetNBA -->
