<?xml version="1.0" encoding="UTF-8"?>
<!-- Generated by org.testng.reporters.JUnitReportReporter -->
<testsuite hostname="IN-5CG1042LMR" failures="0" tests="1" name="Mccm.Pega.OSF.PegaTest.PegaOSFDMCCMSettingTest" time="651.748" errors="0" timestamp="2021-07-23T14:27:59 IST" skipped="0">
  <testcase classname="Mccm.Pega.OSF.PegaTest.PegaOSFDMCCMSettingTest" name="VerifyOSFDynamicSystemSettingRunSuccessfully" time="651.748"/>
  <system-out/>
</testsuite> <!-- Mccm.Pega.OSF.PegaTest.PegaOSFDMCCMSettingTest -->
