<?xml version="1.0" encoding="UTF-8"?>
<!-- Generated by org.testng.reporters.JUnitReportReporter -->
<testsuite hostname="IN-5CG1042LMR" failures="0" tests="5" name="Mccm.Pega.OSF.PegaTest.CaptureResponseTest" time="5.985" errors="0" timestamp="2021-07-29T17:09:56 IST" skipped="0">
  <testcase classname="Mccm.Pega.OSF.PegaTest.CaptureResponseTest" name="OSFCaptureResponse_APIcall" time="0.592"/>
  <system-out/>
  <testcase classname="Mccm.Pega.OSF.PegaTest.CaptureResponseTest" name="OSFCaptureResponse_APIcall" time="0.605"/>
  <system-out/>
  <testcase classname="Mccm.Pega.OSF.PegaTest.CaptureResponseTest" name="OSFCaptureResponse_APIcall" time="0.637"/>
  <system-out/>
  <testcase classname="Mccm.Pega.OSF.PegaTest.CaptureResponseTest" name="OSFCaptureResponse_APIcall" time="0.586"/>
  <system-out/>
  <testcase classname="Mccm.Pega.OSF.PegaTest.CaptureResponseTest" name="OSFCaptureResponse_APIcall" time="3.565"/>
  <system-out/>
</testsuite> <!-- Mccm.Pega.OSF.PegaTest.CaptureResponseTest -->
