<?xml version="1.0" encoding="UTF-8"?>
<!-- Generated by org.testng.reporters.JUnitReportReporter -->
<testsuite hostname="IN-PF2HW06P" failures="0" tests="5" name="Mccm.Pega.OSF.PegaTest.OSF_GetNBA_ErrorCasesTest" time="2.003" errors="0" timestamp="2021-07-14T13:41:40 IST" skipped="0">
  <testcase classname="Mccm.Pega.OSF.PegaTest.OSF_GetNBA_ErrorCasesTest" name="VerifyOSFCaptureResponseOutcomeAPIcallSuccessfully" time="0.233"/>
  <system-out/>
  <testcase classname="Mccm.Pega.OSF.PegaTest.OSF_GetNBA_ErrorCasesTest" name="VerifyOSFCaptureResponseOutcomeAPIcallSuccessfully" time="0.227"/>
  <system-out/>
  <testcase classname="Mccm.Pega.OSF.PegaTest.OSF_GetNBA_ErrorCasesTest" name="VerifyOSFCaptureResponseOutcomeAPIcallSuccessfully" time="0.226"/>
  <system-out/>
  <testcase classname="Mccm.Pega.OSF.PegaTest.OSF_GetNBA_ErrorCasesTest" name="VerifyOSFCaptureResponseOutcomeAPIcallSuccessfully" time="1.092"/>
  <system-out/>
  <testcase classname="Mccm.Pega.OSF.PegaTest.OSF_GetNBA_ErrorCasesTest" name="VerifyOSFCaptureResponseOutcomeAPIcallSuccessfully" time="0.225"/>
  <system-out/>
</testsuite> <!-- Mccm.Pega.OSF.PegaTest.OSF_GetNBA_ErrorCasesTest -->
