<?xml version="1.0" encoding="UTF-8"?>
<!-- Generated by org.testng.reporters.JUnitReportReporter -->
<testsuite hostname="IN-5CG1042LMR" failures="0" tests="6" name="Mccm.Pega.OSF.PegaTest.ProcessFeebbackTest" time="8.754" errors="0" timestamp="2021-07-26T16:31:54 IST" skipped="0">
  <testcase classname="Mccm.Pega.OSF.PegaTest.ProcessFeebbackTest" name="OSFProcesFeedback_APIcall" time="1.196"/>
  <system-out/>
  <testcase classname="Mccm.Pega.OSF.PegaTest.ProcessFeebbackTest" name="OSFProcesFeedback_APIcall" time="1.179"/>
  <system-out/>
  <testcase classname="Mccm.Pega.OSF.PegaTest.ProcessFeebbackTest" name="OSFProcesFeedback_APIcall" time="3.834"/>
  <system-out/>
  <testcase classname="Mccm.Pega.OSF.PegaTest.ProcessFeebbackTest" name="OSFProcesFeedback_APIcall" time="1.084"/>
  <system-out/>
  <testcase classname="Mccm.Pega.OSF.PegaTest.ProcessFeebbackTest" name="OSFProcesFeedback_APIcall" time="0.726"/>
  <system-out/>
  <testcase classname="Mccm.Pega.OSF.PegaTest.ProcessFeebbackTest" name="OSFProcesFeedback_APIcall" time="0.735"/>
  <system-out/>
</testsuite> <!-- Mccm.Pega.OSF.PegaTest.ProcessFeebbackTest -->
