<?xml version="1.0" encoding="UTF-8"?>
<!-- Generated by org.testng.reporters.JUnitReportReporter -->
<testsuite hostname="IN-PF2HW06P" failures="0" tests="1" name="Mccm.Pega.OSF.PegaTest.OSFAPICallProFdUpdShpCrtIDTest" time="1.095" errors="0" timestamp="2021-07-09T16:42:47 IST" skipped="0">
  <testcase classname="Mccm.Pega.OSF.PegaTest.OSFAPICallProFdUpdShpCrtIDTest" name="VerifyOSFProcessFeedBackUpdateShoppingCartIDAPIcallSuccessfully" time="1.095"/>
  <system-out/>
</testsuite> <!-- Mccm.Pega.OSF.PegaTest.OSFAPICallProFdUpdShpCrtIDTest -->
