<?xml version="1.0" encoding="UTF-8"?>
<!-- Generated by org.testng.reporters.JUnitReportReporter -->
<testsuite hostname="IN-5CG1042LMR" failures="0" tests="6" name="Mccm.Pega.OSF.PegaTest.GetNBATest" time="0.275" errors="0" timestamp="2021-07-26T15:18:43 IST" skipped="0">
  <testcase classname="Mccm.Pega.OSF.PegaTest.GetNBATest" name="OSFGetNBA_APIcall" time="0.013"/>
  <system-out/>
  <testcase classname="Mccm.Pega.OSF.PegaTest.GetNBATest" name="OSFGetNBA_APIcall" time="0.012"/>
  <system-out/>
  <testcase classname="Mccm.Pega.OSF.PegaTest.GetNBATest" name="OSFGetNBA_APIcall" time="0.012"/>
  <system-out/>
  <testcase classname="Mccm.Pega.OSF.PegaTest.GetNBATest" name="OSFGetNBA_APIcall" time="0.212"/>
  <system-out/>
  <testcase classname="Mccm.Pega.OSF.PegaTest.GetNBATest" name="OSFGetNBA_APIcall" time="0.012"/>
  <system-out/>
  <testcase classname="Mccm.Pega.OSF.PegaTest.GetNBATest" name="OSFGetNBA_APIcall" time="0.014"/>
  <system-out/>
</testsuite> <!-- Mccm.Pega.OSF.PegaTest.GetNBATest -->
