<?xml version="1.0" encoding="UTF-8"?>
<!-- Generated by org.testng.reporters.JUnitReportReporter -->
<testsuite hostname="IN-5CG1042LMR" failures="0" tests="4" name="Mccm.Pega.OSF.PegaTest.CaptureResonse_ErrorCasesTest" time="3.044" errors="0" timestamp="2021-07-30T13:59:21 IST" skipped="0">
  <testcase classname="Mccm.Pega.OSF.PegaTest.CaptureResonse_ErrorCasesTest" name="OSFCaptureResponse_APIcall_ErrorCase" time="0.511"/>
  <system-out/>
  <testcase classname="Mccm.Pega.OSF.PegaTest.CaptureResonse_ErrorCasesTest" name="OSFCaptureResponse_APIcall_ErrorCase" time="0.515"/>
  <system-out/>
  <testcase classname="Mccm.Pega.OSF.PegaTest.CaptureResonse_ErrorCasesTest" name="OSFCaptureResponse_APIcall_ErrorCase" time="0.518"/>
  <system-out/>
  <testcase classname="Mccm.Pega.OSF.PegaTest.CaptureResonse_ErrorCasesTest" name="OSFCaptureResponse_APIcall_ErrorCase" time="1.500"/>
  <system-out/>
</testsuite> <!-- Mccm.Pega.OSF.PegaTest.CaptureResonse_ErrorCasesTest -->
