<?xml version="1.0" encoding="UTF-8"?>
<!-- Generated by org.testng.reporters.JUnitReportReporter -->
<testsuite hostname="IN-PF2HW06P" failures="0" tests="1" name="Mccm.Pega.OSF.PegaTest.OSFAPICallProFdUpdOrdIDTest" time="0.806" errors="0" timestamp="2021-07-15T11:40:53 IST" skipped="0">
  <testcase classname="Mccm.Pega.OSF.PegaTest.OSFAPICallProFdUpdOrdIDTest" name="VerifyOSFProcessFeedBackUpdateOrderIDAPIcallSuccessfully" time="0.806"/>
  <system-out/>
</testsuite> <!-- Mccm.Pega.OSF.PegaTest.OSFAPICallProFdUpdOrdIDTest -->
