<?xml version="1.0" encoding="UTF-8"?>
<!-- Generated by org.testng.reporters.JUnitReportReporter -->
<testsuite hostname="IN-5CG1042LMR" failures="0" tests="6" name="Mccm.Pega.OSF.PegaTest.GetNBATest" time="7.810" errors="0" timestamp="2021-07-27T17:40:02 IST" skipped="0">
  <testcase classname="Mccm.Pega.OSF.PegaTest.GetNBATest" name="OSFGetNBA_APIcall" time="2.985"/>
  <system-out/>
  <testcase classname="Mccm.Pega.OSF.PegaTest.GetNBATest" name="OSFGetNBA_APIcall" time="1.012"/>
  <system-out/>
  <testcase classname="Mccm.Pega.OSF.PegaTest.GetNBATest" name="OSFGetNBA_APIcall" time="0.959"/>
  <system-out/>
  <testcase classname="Mccm.Pega.OSF.PegaTest.GetNBATest" name="OSFGetNBA_APIcall" time="0.905"/>
  <system-out/>
  <testcase classname="Mccm.Pega.OSF.PegaTest.GetNBATest" name="OSFGetNBA_APIcall" time="1.049"/>
  <system-out/>
  <testcase classname="Mccm.Pega.OSF.PegaTest.GetNBATest" name="OSFGetNBA_APIcall" time="0.900"/>
  <system-out/>
</testsuite> <!-- Mccm.Pega.OSF.PegaTest.GetNBATest -->
