<?xml version="1.0" encoding="UTF-8"?>
<!-- Generated by org.testng.reporters.JUnitReportReporter -->
<testsuite hostname="IN-5CG1042LMR" failures="0" tests="6" name="Mccm.Pega.OSF.PegaTest.GetNBATest" time="7.315" errors="0" timestamp="2021-07-26T16:30:39 IST" skipped="0">
  <testcase classname="Mccm.Pega.OSF.PegaTest.GetNBATest" name="OSFGetNBA_APIcall" time="2.749"/>
  <system-out/>
  <testcase classname="Mccm.Pega.OSF.PegaTest.GetNBATest" name="OSFGetNBA_APIcall" time="0.907"/>
  <system-out/>
  <testcase classname="Mccm.Pega.OSF.PegaTest.GetNBATest" name="OSFGetNBA_APIcall" time="0.979"/>
  <system-out/>
  <testcase classname="Mccm.Pega.OSF.PegaTest.GetNBATest" name="OSFGetNBA_APIcall" time="0.923"/>
  <system-out/>
  <testcase classname="Mccm.Pega.OSF.PegaTest.GetNBATest" name="OSFGetNBA_APIcall" time="1.020"/>
  <system-out/>
  <testcase classname="Mccm.Pega.OSF.PegaTest.GetNBATest" name="OSFGetNBA_APIcall" time="0.737"/>
  <system-out/>
</testsuite> <!-- Mccm.Pega.OSF.PegaTest.GetNBATest -->
