<?xml version="1.0" encoding="UTF-8"?>
<!-- Generated by org.testng.reporters.JUnitReportReporter -->
<testsuite hostname="IN-5CG1042LMR" failures="0" tests="3" name="Mccm.Pega.OSF.PegaTest.OSF_API_InvalidHeaders_ErrorCasesTest" time="1.535" errors="0" timestamp="2021-07-15T14:29:08 IST" skipped="0">
  <testcase classname="Mccm.Pega.OSF.PegaTest.OSF_API_InvalidHeaders_ErrorCasesTest" name="VerifyOSFOutcomeAPIcallSuccessfully" time="0.517"/>
  <system-out/>
  <testcase classname="Mccm.Pega.OSF.PegaTest.OSF_API_InvalidHeaders_ErrorCasesTest" name="VerifyOSFOutcomeAPIcallSuccessfully" time="0.523"/>
  <system-out/>
  <testcase classname="Mccm.Pega.OSF.PegaTest.OSF_API_InvalidHeaders_ErrorCasesTest" name="VerifyOSFOutcomeAPIcallSuccessfully" time="0.495"/>
  <system-out/>
</testsuite> <!-- Mccm.Pega.OSF.PegaTest.OSF_API_InvalidHeaders_ErrorCasesTest -->
