<?xml version="1.0" encoding="UTF-8"?>
<!-- Generated by org.testng.reporters.JUnitReportReporter -->
<testsuite hostname="IN-5CG1042LMR" failures="0" tests="5" name="Mccm.Pega.OSF.PegaTest.CaptureResponseTest" time="0.241" errors="0" timestamp="2021-07-30T16:01:20 IST" skipped="0">
  <testcase classname="Mccm.Pega.OSF.PegaTest.CaptureResponseTest" name="OSFCaptureResponse_APIcall" time="0.010"/>
  <system-out/>
  <testcase classname="Mccm.Pega.OSF.PegaTest.CaptureResponseTest" name="OSFCaptureResponse_APIcall" time="0.007"/>
  <system-out/>
  <testcase classname="Mccm.Pega.OSF.PegaTest.CaptureResponseTest" name="OSFCaptureResponse_APIcall" time="0.011"/>
  <system-out/>
  <testcase classname="Mccm.Pega.OSF.PegaTest.CaptureResponseTest" name="OSFCaptureResponse_APIcall" time="0.201"/>
  <system-out/>
  <testcase classname="Mccm.Pega.OSF.PegaTest.CaptureResponseTest" name="OSFCaptureResponse_APIcall" time="0.012"/>
  <system-out/>
</testsuite> <!-- Mccm.Pega.OSF.PegaTest.CaptureResponseTest -->
