<?xml version="1.0" encoding="UTF-8"?>
<!-- Generated by org.testng.reporters.JUnitReportReporter -->
<testsuite hostname="IN-5CG1042LMR" failures="0" tests="1" name="Mccm.Pega.OSF.PegaTest.PegaOSFOutcomeGETNBAAPIVldTest" time="55.898" errors="0" timestamp="2021-07-22T20:23:55 IST" skipped="0">
  <testcase classname="Mccm.Pega.OSF.PegaTest.PegaOSFOutcomeGETNBAAPIVldTest" name="VerifyOSFGETNBAAPIValidationRunSuccessfully" time="55.898"/>
  <system-out/>
</testsuite> <!-- Mccm.Pega.OSF.PegaTest.PegaOSFOutcomeGETNBAAPIVldTest -->
