<?xml version="1.0" encoding="UTF-8"?>
<!-- Generated by org.testng.reporters.JUnitReportReporter -->
<testsuite hostname="IN-PF2HW06P" failures="0" tests="1" name="Mccm.Pega.OSF.PegaTest.OSFAPICallCaptResponseTest" time="1.520" errors="0" timestamp="2021-07-14T11:56:16 IST" skipped="0">
  <testcase classname="Mccm.Pega.OSF.PegaTest.OSFAPICallCaptResponseTest" name="VerifyOSFCaptureResponseOutcomeAPIcallSuccessfully" time="1.520"/>
  <system-out/>
</testsuite> <!-- Mccm.Pega.OSF.PegaTest.OSFAPICallCaptResponseTest -->
