<?xml version="1.0" encoding="UTF-8"?>
<!-- Generated by org.testng.reporters.JUnitReportReporter -->
<testsuite hostname="IN-5CG1042LMR" failures="0" tests="1" name="Mccm.Pega.OSF.PegaTest.Data_provider_class" time="0.013" errors="0" timestamp="2021-07-21T23:19:48 IST" skipped="0">
  <testcase classname="Mccm.Pega.OSF.PegaTest.Data_provider_class" name="files" time="0.013"/>
  <system-out/>
</testsuite> <!-- Mccm.Pega.OSF.PegaTest.Data_provider_class -->
