<?xml version="1.0" encoding="UTF-8"?>
<!-- Generated by org.testng.reporters.JUnitReportReporter -->
<testsuite hostname="IN-5CG1042LMR" failures="0" tests="5" name="Mccm.Pega.OSF.PegaTest.GetNBA_ErrorCasesTest" time="4.460" errors="0" timestamp="2021-07-26T14:57:18 IST" skipped="0">
  <testcase classname="Mccm.Pega.OSF.PegaTest.GetNBA_ErrorCasesTest" name="OSFGetNBA_APIcall_ErrorCase" time="0.739"/>
  <system-out/>
  <testcase classname="Mccm.Pega.OSF.PegaTest.GetNBA_ErrorCasesTest" name="OSFGetNBA_APIcall_ErrorCase" time="1.310"/>
  <system-out/>
  <testcase classname="Mccm.Pega.OSF.PegaTest.GetNBA_ErrorCasesTest" name="OSFGetNBA_APIcall_ErrorCase" time="0.909"/>
  <system-out/>
  <testcase classname="Mccm.Pega.OSF.PegaTest.GetNBA_ErrorCasesTest" name="OSFGetNBA_APIcall_ErrorCase" time="0.746"/>
  <system-out/>
  <testcase classname="Mccm.Pega.OSF.PegaTest.GetNBA_ErrorCasesTest" name="OSFGetNBA_APIcall_ErrorCase" time="0.756"/>
  <system-out/>
</testsuite> <!-- Mccm.Pega.OSF.PegaTest.GetNBA_ErrorCasesTest -->
