<?xml version="1.0" encoding="UTF-8"?>
<!-- Generated by org.testng.reporters.JUnitReportReporter -->
<testsuite hostname="IN-5CG1042LMR" failures="0" tests="11" name="Mccm.Pega.OSF.PegaTest.OSF_API_ErrorCasesTest" time="6.560" errors="0" timestamp="2021-07-15T14:29:08 IST" skipped="0">
  <testcase classname="Mccm.Pega.OSF.PegaTest.OSF_API_ErrorCasesTest" name="VerifyOSFOutcomeAPIcallSuccessfully" time="1.505"/>
  <system-out/>
  <testcase classname="Mccm.Pega.OSF.PegaTest.OSF_API_ErrorCasesTest" name="VerifyOSFOutcomeAPIcallSuccessfully" time="0.490"/>
  <system-out/>
  <testcase classname="Mccm.Pega.OSF.PegaTest.OSF_API_ErrorCasesTest" name="VerifyOSFOutcomeAPIcallSuccessfully" time="0.518"/>
  <system-out/>
  <testcase classname="Mccm.Pega.OSF.PegaTest.OSF_API_ErrorCasesTest" name="VerifyOSFOutcomeAPIcallSuccessfully" time="0.510"/>
  <system-out/>
  <testcase classname="Mccm.Pega.OSF.PegaTest.OSF_API_ErrorCasesTest" name="VerifyOSFOutcomeAPIcallSuccessfully" time="0.488"/>
  <system-out/>
  <testcase classname="Mccm.Pega.OSF.PegaTest.OSF_API_ErrorCasesTest" name="VerifyOSFOutcomeAPIcallSuccessfully" time="0.501"/>
  <system-out/>
  <testcase classname="Mccm.Pega.OSF.PegaTest.OSF_API_ErrorCasesTest" name="VerifyOSFOutcomeAPIcallSuccessfully" time="0.500"/>
  <system-out/>
  <testcase classname="Mccm.Pega.OSF.PegaTest.OSF_API_ErrorCasesTest" name="VerifyOSFOutcomeAPIcallSuccessfully" time="0.498"/>
  <system-out/>
  <testcase classname="Mccm.Pega.OSF.PegaTest.OSF_API_ErrorCasesTest" name="VerifyOSFOutcomeAPIcallSuccessfully" time="0.523"/>
  <system-out/>
  <testcase classname="Mccm.Pega.OSF.PegaTest.OSF_API_ErrorCasesTest" name="VerifyOSFOutcomeAPIcallSuccessfully" time="0.499"/>
  <system-out/>
  <testcase classname="Mccm.Pega.OSF.PegaTest.OSF_API_ErrorCasesTest" name="VerifyOSFOutcomeAPIcallSuccessfully" time="0.528"/>
  <system-out/>
</testsuite> <!-- Mccm.Pega.OSF.PegaTest.OSF_API_ErrorCasesTest -->
