<?xml version="1.0" encoding="UTF-8"?>
<!-- Generated by org.testng.reporters.JUnitReportReporter -->
<testsuite hostname="IN-PF2HW06P" failures="0" tests="1" name="Mccm.Pega.OSF.PegaTest.PegaOSFOutcomeSaveOffAPIVldTest" time="121.033" errors="0" timestamp="2021-07-15T11:40:53 IST" skipped="0">
  <testcase classname="Mccm.Pega.OSF.PegaTest.PegaOSFOutcomeSaveOffAPIVldTest" name="VerifyOSFOutcomeAPISaveOffValidationRunSuccessfully" time="121.033"/>
  <system-out/>
</testsuite> <!-- Mccm.Pega.OSF.PegaTest.PegaOSFOutcomeSaveOffAPIVldTest -->
