<?xml version="1.0" encoding="UTF-8"?>
<!-- Generated by org.testng.reporters.JUnitReportReporter -->
<testsuite hostname="IN-5CG1042LMR" failures="0" tests="5" name="Mccm.Pega.OSF.PegaTest.GetNBA_ErrorCasesTest" time="2.534" errors="0" timestamp="2021-07-26T19:31:45 IST" skipped="0">
  <testcase classname="Mccm.Pega.OSF.PegaTest.GetNBA_ErrorCasesTest" name="OSFGetNBA_APIcall_ErrorCase" time="0.491"/>
  <system-out/>
  <testcase classname="Mccm.Pega.OSF.PegaTest.GetNBA_ErrorCasesTest" name="OSFGetNBA_APIcall_ErrorCase" time="0.515"/>
  <system-out/>
  <testcase classname="Mccm.Pega.OSF.PegaTest.GetNBA_ErrorCasesTest" name="OSFGetNBA_APIcall_ErrorCase" time="0.509"/>
  <system-out/>
  <testcase classname="Mccm.Pega.OSF.PegaTest.GetNBA_ErrorCasesTest" name="OSFGetNBA_APIcall_ErrorCase" time="0.504"/>
  <system-out/>
  <testcase classname="Mccm.Pega.OSF.PegaTest.GetNBA_ErrorCasesTest" name="OSFGetNBA_APIcall_ErrorCase" time="0.515"/>
  <system-out/>
</testsuite> <!-- Mccm.Pega.OSF.PegaTest.GetNBA_ErrorCasesTest -->
