<?xml version="1.0" encoding="UTF-8"?>
<!-- Generated by org.testng.reporters.JUnitReportReporter -->
<testsuite hostname="IN-5CG1042LMR" failures="0" tests="5" name="Mccm.Pega.OSF.PegaTest.GetNBA_ErrorCasesTest" time="2.537" errors="0" timestamp="2021-07-30T13:59:21 IST" skipped="0">
  <testcase classname="Mccm.Pega.OSF.PegaTest.GetNBA_ErrorCasesTest" name="OSFGetNBA_APIcall_ErrorCase" time="0.504"/>
  <system-out/>
  <testcase classname="Mccm.Pega.OSF.PegaTest.GetNBA_ErrorCasesTest" name="OSFGetNBA_APIcall_ErrorCase" time="0.514"/>
  <system-out/>
  <testcase classname="Mccm.Pega.OSF.PegaTest.GetNBA_ErrorCasesTest" name="OSFGetNBA_APIcall_ErrorCase" time="0.503"/>
  <system-out/>
  <testcase classname="Mccm.Pega.OSF.PegaTest.GetNBA_ErrorCasesTest" name="OSFGetNBA_APIcall_ErrorCase" time="0.508"/>
  <system-out/>
  <testcase classname="Mccm.Pega.OSF.PegaTest.GetNBA_ErrorCasesTest" name="OSFGetNBA_APIcall_ErrorCase" time="0.508"/>
  <system-out/>
</testsuite> <!-- Mccm.Pega.OSF.PegaTest.GetNBA_ErrorCasesTest -->
