<?xml version="1.0" encoding="UTF-8"?>
<!-- Generated by org.testng.reporters.JUnitReportReporter -->
<testsuite hostname="IN-5CG1042LMR" failures="0" tests="2" name="Mccm.Pega.OSF.PegaTest.processfeebback" time="3.034" errors="0" timestamp="2021-07-22T11:30:31 IST" skipped="0">
  <testcase classname="Mccm.Pega.OSF.PegaTest.processfeebback" name="VerifyOSFprocessfeedbackeOutcomeAPIcallSuccessfully" time="2.433"/>
  <system-out/>
  <testcase classname="Mccm.Pega.OSF.PegaTest.processfeebback" name="VerifyOSFprocessfeedbackeOutcomeAPIcallSuccessfully" time="0.601"/>
  <system-out/>
</testsuite> <!-- Mccm.Pega.OSF.PegaTest.processfeebback -->
